\BOOKMARK [0][-]{chapter.1}{\376\377\000I\000n\000t\000r\000o\000d\000u\000c\000t\000i\000o\000n}{}% 1
\BOOKMARK [0][-]{chapter.2}{\376\377\000B\000e\000h\000a\000v\000i\000o\000r\000a\000l\000\040\000B\000i\000o\000m\000e\000t\000r\000i\000c}{}% 2
\BOOKMARK [1][-]{section.2.1}{\376\377\000I\000d\000e\000n\000t\000i\000f\000i\000c\000a\000t\000i\000o\000n\000\040\000v\000s\000\040\000V\000e\000r\000i\000f\000i\000c\000a\000t\000i\000o\000n}{chapter.2}% 3
\BOOKMARK [1][-]{section.2.2}{\376\377\000B\000i\000o\000m\000e\000t\000r\000i\000c\000\040\000b\000a\000s\000e\000d\000\040\000o\000n\000\040\000i\000d\000e\000n\000t\000i\000f\000i\000c\000a\000t\000i\000o\000n}{chapter.2}% 4
\BOOKMARK [1][-]{section.2.3}{\376\377\000B\000e\000h\000a\000v\000i\000o\000r\000a\000l\000\040\000b\000i\000o\000m\000e\000t\000r\000i\000c}{chapter.2}% 5
\BOOKMARK [1][-]{section.2.4}{\376\377\000S\000o\000m\000e\000\040\000a\000p\000p\000l\000i\000c\000a\000t\000i\000o\000n\000s\000\040\000o\000f\000\040\000b\000e\000h\000a\000v\000i\000o\000r\000a\000l\000\040\000b\000i\000o\000m\000e\000t\000r\000i\000c}{chapter.2}% 6
\BOOKMARK [1][-]{section.2.5}{\376\377\000S\000o\000f\000t\000\040\000B\000i\000o\000m\000e\000t\000r\000i\000c}{chapter.2}% 7
\BOOKMARK [0][-]{chapter.3}{\376\377\000E\000y\000e\000\040\000t\000r\000a\000c\000k\000e\000r}{}% 8
\BOOKMARK [1][-]{section.3.1}{\376\377\000V\000i\000s\000u\000a\000l\000\040\000a\000t\000t\000e\000n\000t\000i\000o\000n}{chapter.3}% 9
\BOOKMARK [2][-]{subsection.3.1.1}{\376\377\000V\000o\000n\000\040\000H\000e\000l\000m\000h\000o\000l\000t\000z\000'\000s\000\040\040\034\000W\000h\000e\000r\000e\040\035}{section.3.1}% 10
\BOOKMARK [2][-]{subsection.3.1.2}{\376\377\000J\000a\000m\000e\000s\000'\000\040\040\034\000W\000h\000a\000t\040\035}{section.3.1}% 11
\BOOKMARK [2][-]{subsection.3.1.3}{\376\377\000G\000i\000b\000s\000o\000n\000'\000s\000\040\040\034\000H\000o\000w\040\035}{section.3.1}% 12
\BOOKMARK [2][-]{subsection.3.1.4}{\376\377\000B\000r\000o\000a\000d\000b\000e\000n\000t\000'\000s\000\040\040\034\000S\000e\000l\000e\000c\000t\000i\000v\000e\000\040\000F\000i\000l\000t\000e\000r\040\035}{section.3.1}% 13
\BOOKMARK [2][-]{subsection.3.1.5}{\376\377\000D\000e\000u\000t\000s\000c\000h\000\040\000a\000n\000d\000\040\000D\000e\000u\000t\000s\000c\000h\000'\000s\000\040\040\034\000I\000m\000p\000o\000r\000t\000a\000n\000c\000e\000\040\000W\000e\000i\000g\000h\000t\000i\000n\000g\000s\040\035}{section.3.1}% 14
\BOOKMARK [2][-]{subsection.3.1.6}{\376\377\000Y\000a\000r\000b\000u\000s\000\040\000a\000n\000d\000\040\000N\000o\000t\000o\000n\000\040\000a\000n\000d\000\040\000S\000t\000a\000r\000k\000'\000s\000\040\040\034\000S\000c\000a\000n\000p\000a\000t\000h\000s\040\035}{section.3.1}% 15
\BOOKMARK [2][-]{subsection.3.1.7}{\376\377\000T\000r\000e\000i\000s\000m\000a\000n\000'\000s\000\040\040\034\000G\000l\000u\000e\040\035}{section.3.1}% 16
\BOOKMARK [2][-]{subsection.3.1.8}{\376\377\000K\000o\000s\000s\000l\000y\000n\000'\000s\000\040\040\034\000W\000i\000n\000d\000o\000w\040\035}{section.3.1}% 17
\BOOKMARK [2][-]{subsection.3.1.9}{\376\377\000B\000o\000t\000t\000o\000m\000-\000u\000p\000\040\000m\000o\000d\000e\000l}{section.3.1}% 18
\BOOKMARK [1][-]{section.3.2}{\376\377\000T\000h\000e\000\040\000h\000u\000m\000a\000n\000\040\000e\000y\000e}{chapter.3}% 19
\BOOKMARK [2][-]{subsection.3.2.1}{\376\377\000A\000n\000a\000t\000o\000m\000y\000\040\000o\000f\000\040\000h\000u\000m\000a\000n\000\040\000t\000h\000e\000\040\000e\000y\000e}{section.3.2}% 20
\BOOKMARK [2][-]{subsection.3.2.2}{\376\377\000T\000h\000e\000\040\000r\000e\000t\000i\000n\000a\000\040\000a\000n\000d\000\040\000p\000h\000o\000t\000o\000r\000e\000c\000e\000p\000t\000o\000r}{section.3.2}% 21
\BOOKMARK [2][-]{subsection.3.2.3}{\376\377\000C\000o\000l\000o\000r\000\040\000p\000e\000r\000c\000e\000p\000t\000i\000o\000n}{section.3.2}% 22
\BOOKMARK [2][-]{subsection.3.2.4}{\376\377\000T\000y\000p\000e\000\040\000o\000f\000\040\000e\000y\000e\000\040\000m\000o\000v\000e\000m\000e\000n\000t\000s}{section.3.2}% 23
\BOOKMARK [2][-]{subsection.3.2.5}{\376\377\000F\000i\000x\000a\000t\000i\000o\000n}{section.3.2}% 24
\BOOKMARK [1][-]{section.3.3}{\376\377\000E\000y\000e\000\040\000t\000r\000a\000c\000k\000i\000n\000g\000\040\000t\000e\000c\000h\000n\000i\000q\000u\000e\000s}{chapter.3}% 25
\BOOKMARK [2][-]{subsection.3.3.1}{\376\377\000E\000l\000e\000c\000t\000r\000o\000-\000O\000c\000u\000l\000o\000G\000r\000a\000p\000h\000y\000\040\000\050\000E\000O\000G\000\051}{section.3.3}% 26
\BOOKMARK [2][-]{subsection.3.3.2}{\376\377\000S\000c\000l\000e\000r\000a\000l\000\040\000C\000o\000n\000t\000a\000c\000t\000\040\000L\000e\000n\000s\000/\000S\000e\000a\000r\000c\000h\000\040\000C\000o\000i\000l}{section.3.3}% 27
\BOOKMARK [2][-]{subsection.3.3.3}{\376\377\000P\000h\000o\000t\000o\000-\000O\000c\000u\000l\000o\000G\000r\000a\000p\000h\000y\000\040\000\050\000P\000O\000G\000\051\000\040\000o\000r\000\040\000V\000i\000d\000e\000o\000-\000O\000c\000u\000l\000o\000G\000r\000a\000p\000h\000y\000\040\000\050\000V\000O\000G\000\051}{section.3.3}% 28
\BOOKMARK [2][-]{subsection.3.3.4}{\376\377\000V\000i\000d\000e\000o\000-\000B\000a\000s\000e\000d\000\040\000C\000o\000m\000b\000i\000n\000e\000d\000\040\000P\000u\000p\000i\000l\000/\000C\000o\000r\000n\000e\000a\000l\000\040\000R\000e\000f\000l\000e\000c\000t\000i\000o\000n}{section.3.3}% 29
\BOOKMARK [0][-]{chapter.4}{\376\377\000R\000e\000l\000a\000t\000e\000d\000\040\000w\000o\000r\000k}{}% 30
\BOOKMARK [1][-]{section.4.1}{\376\377\000A\000T\000M\000-\000l\000i\000k\000e\000\040\000s\000o\000l\000u\000t\000i\000o\000n\000s}{chapter.4}% 31
\BOOKMARK [1][-]{section.4.2}{\376\377\000M\000e\000t\000h\000o\000d\000s\000\040\000b\000a\000s\000e\000d\000\040\000o\000n\000\040\000f\000i\000x\000a\000t\000i\000o\000n\000\040\000a\000n\000d\000\040\000s\000c\000a\000n\000p\000a\000t\000h\000\040\000a\000n\000a\000l\000y\000s\000i\000s}{chapter.4}% 32
\BOOKMARK [1][-]{section.4.3}{\376\377\000M\000e\000t\000h\000o\000d\000s\000\040\000b\000a\000s\000e\000d\000\040\000o\000n\000\040\000e\000y\000e\000/\000g\000a\000z\000e\000\040\000v\000e\000l\000o\000c\000i\000t\000y}{chapter.4}% 33
\BOOKMARK [1][-]{section.4.4}{\376\377\000M\000e\000t\000h\000o\000d\000s\000\040\000b\000a\000s\000e\000d\000\040\000o\000n\000\040\000p\000u\000p\000i\000l\000\040\000s\000i\000z\000e}{chapter.4}% 34
\BOOKMARK [1][-]{section.4.5}{\376\377\000M\000e\000t\000h\000o\000d\000s\000\040\000b\000a\000s\000e\000d\000\040\000o\000n\000\040\000o\000c\000u\000l\000o\000m\000o\000t\000o\000r\000\040\000f\000e\000a\000t\000u\000r\000e\000s}{chapter.4}% 35
\BOOKMARK [1][-]{section.4.6}{\376\377\000M\000e\000t\000h\000o\000d\000s\000\040\000b\000a\000s\000e\000d\000\040\000o\000n\000\040\000h\000e\000a\000d\000\040\000o\000r\000i\000e\000n\000t\000a\000t\000i\000o\000n}{chapter.4}% 36
\BOOKMARK [0][-]{chapter.5}{\376\377\000E\000x\000p\000e\000r\000i\000m\000e\000n\000t\000s}{}% 37
\BOOKMARK [1][-]{section.5.1}{\376\377\000S\000e\000t\000\040\000u\000p}{chapter.5}% 38
\BOOKMARK [1][-]{section.5.2}{\376\377\000S\000t\000i\000m\000u\000l\000i}{chapter.5}% 39
\BOOKMARK [2][-]{subsection.5.2.1}{\376\377\000P\000r\000e\000l\000i\000m\000i\000n\000a\000r\000y\000\040\000e\000x\000p\000e\000r\000i\000m\000e\000n\000t\000s}{section.5.2}% 40
\BOOKMARK [2][-]{subsection.5.2.2}{\376\377\000A\000n\000i\000m\000a\000t\000i\000o\000n\000s}{section.5.2}% 41
\BOOKMARK [1][-]{section.5.3}{\376\377\000C\000a\000p\000t\000u\000r\000e\000d\000\040\000E\000y\000e\000\040\000T\000r\000a\000c\000k\000i\000n\000g\000\040\000F\000e\000a\000t\000u\000r\000e\000s}{chapter.5}% 42
\BOOKMARK [1][-]{section.5.4}{\376\377\000D\000a\000t\000a\000s\000e\000t\000\040\000c\000r\000e\000a\000t\000i\000o\000n}{chapter.5}% 43
\BOOKMARK [2][-]{subsection.5.4.1}{\376\377\000F\000i\000x\000a\000t\000i\000o\000n\000-\000B\000a\000s\000e\000d\000\040\000F\000e\000a\000t\000u\000r\000e\000s\000\040\000\050\000f\0000\040\023\000f\0001\0000\000\051}{section.5.4}% 44
\BOOKMARK [2][-]{subsection.5.4.2}{\376\377\000F\000i\000x\000a\000t\000i\000o\000n\000\040\000D\000i\000s\000t\000a\000n\000c\000e\000\040\000F\000e\000a\000t\000u\000r\000e\000s\000\040\000\050\000f\0001\0001\040\023\000f\0002\0000\000\051}{section.5.4}% 45
\BOOKMARK [2][-]{subsection.5.4.3}{\376\377\000S\000c\000a\000n\000p\000a\000t\000h\000\040\000F\000e\000a\000t\000u\000r\000e\000\040\000\050\000f\0003\0001\000\051}{section.5.4}% 46
\BOOKMARK [2][-]{subsection.5.4.4}{\376\377\000P\000u\000p\000i\000l\000\040\000D\000i\000a\000m\000e\000t\000e\000r\000\040\000F\000e\000a\000t\000u\000r\000e\000s\000\040\000\050\000f\0003\0002\040\023\000f\0005\0001\000\051}{section.5.4}% 47
\BOOKMARK [2][-]{subsection.5.4.5}{\376\377\000P\000u\000p\000i\000l\000\040\000D\000i\000a\000m\000e\000t\000e\000r\000\040\000R\000a\000t\000i\000o\000\040\000F\000e\000a\000t\000u\000r\000e\000s\000\040\000\050\000f\0005\0002\040\023\000f\0006\0001\000\051}{section.5.4}% 48
\BOOKMARK [2][-]{subsection.5.4.6}{\376\377\000P\000u\000p\000i\000l\000\040\000D\000i\000a\000m\000e\000t\000e\000r\000\040\000D\000i\000f\000f\000e\000r\000e\000n\000c\000e\000\040\000F\000e\000a\000t\000u\000r\000e\000s\000\040\000\050\000f\0006\0002\040\023\000f\0007\0000\000\051}{section.5.4}% 49
\BOOKMARK [2][-]{subsection.5.4.7}{\376\377\000B\000l\000i\000n\000k\000\040\000F\000e\000a\000t\000u\000r\000e\000s\000\040\000\050\000f\0007\0001\040\023\000f\0007\0004\000\051}{section.5.4}% 50
\BOOKMARK [2][-]{subsection.5.4.8}{\376\377\000D\000i\000r\000e\000c\000t\000i\000o\000n\000a\000l\000\040\000M\000o\000v\000e\000m\000e\000n\000t\000\040\000F\000e\000a\000t\000u\000r\000e\000s\000\040\000\050\000f\0007\0005\040\023\000f\0008\0002\000\051}{section.5.4}% 51
\BOOKMARK [0][-]{chapter.6}{\376\377\000M\000a\000c\000h\000i\000n\000e\000\040\000L\000e\000a\000r\000n\000i\000n\000g\000\040\000A\000n\000a\000l\000y\000s\000i\000s}{}% 52
\BOOKMARK [1][-]{section.6.1}{\376\377\000I\000d\000e\000n\000t\000i\000f\000i\000c\000a\000t\000i\000o\000n}{chapter.6}% 53
\BOOKMARK [2][-]{subsection.6.1.1}{\376\377\000I\000d\000e\000n\000t\000i\000f\000i\000c\000a\000t\000i\000o\000n\000\040\000w\000i\000t\000h\000o\000u\000t\000\040\000f\000e\000a\000t\000u\000r\000e\000\040\000s\000e\000l\000e\000c\000t\000i\000o\000n}{section.6.1}% 54
\BOOKMARK [2][-]{subsection.6.1.2}{\376\377\000I\000d\000e\000n\000t\000i\000f\000i\000c\000a\000t\000i\000o\000n\000\040\000w\000i\000t\000h\000\040\000f\000e\000a\000t\000u\000r\000e\000\040\000s\000e\000l\000e\000c\000t\000i\000o\000n}{section.6.1}% 55
\BOOKMARK [2][-]{subsection.6.1.3}{\376\377\000I\000d\000e\000n\000t\000i\000f\000i\000c\000a\000t\000i\000o\000n\000\040\000w\000i\000t\000h\000\040\000s\000i\000n\000g\000l\000e\000\040\000a\000n\000i\000m\000a\000t\000i\000o\000n\000\040\000-\000\040\000S\000i\000n\000g\000l\000e\000\040\000T\000r\000a\000i\000n\000\050\000S\000T\000\051}{section.6.1}% 56
\BOOKMARK [2][-]{subsection.6.1.4}{\376\377\000I\000d\000e\000n\000t\000i\000f\000i\000c\000a\000t\000i\000o\000n\000\040\000w\000i\000t\000h\000\040\000s\000i\000n\000g\000l\000e\000\040\000a\000n\000i\000m\000a\000t\000i\000o\000n\000\040\000-\000\040\000F\000u\000l\000l\000\040\000T\000r\000a\000i\000n\000\050\000F\000T\000\051}{section.6.1}% 57
\BOOKMARK [1][-]{section.6.2}{\376\377\000V\000e\000r\000i\000f\000i\000c\000a\000t\000i\000o\000n\000\040\000s\000i\000n\000g\000l\000e\000\040\000a\000n\000i\000m\000a\000t\000i\000o\000n\000\040\000-\000\040\000S\000T\000\040\000t\000y\000p\000e}{chapter.6}% 58
\BOOKMARK [2][-]{subsection.6.2.1}{\376\377\000V\000e\000r\000i\000f\000i\000c\000a\000t\000i\000o\000n\000\040\000s\000i\000n\000g\000l\000e\000\040\000a\000n\000i\000m\000a\000t\000i\000o\000n\000\040\000-\000\040\000S\000i\000n\000g\000l\000e\000\040\000T\000r\000a\000i\000n\000\050\000S\000T\000\051}{section.6.2}% 59
\BOOKMARK [2][-]{subsection.6.2.2}{\376\377\000V\000e\000r\000i\000f\000i\000c\000a\000t\000i\000o\000n\000\040\000s\000i\000n\000g\000l\000e\000\040\000a\000n\000i\000m\000a\000t\000i\000o\000n\000\040\000w\000i\000t\000h\000\040\000i\000n\000t\000r\000u\000d\000e\000r\000s\000\040\000-\000\040\000S\000i\000n\000g\000l\000e\000\040\000T\000r\000a\000i\000n\000\050\000S\000T\000\051}{section.6.2}% 60
\BOOKMARK [2][-]{subsection.6.2.3}{\376\377\000V\000e\000r\000i\000f\000i\000c\000a\000t\000i\000o\000n\000\040\000S\000i\000n\000g\000l\000e\000\040\000A\000n\000i\000m\000a\000t\000i\000o\000n\000\040\000w\000i\000t\000h\000\040\000R\000e\000d\000u\000c\000e\000d\000\040\000S\000e\000s\000s\000i\000o\000n\000\040\000D\000u\000r\000a\000t\000i\000o\000n\000\040\000-\000\040\000S\000i\000n\000g\000l\000e\000\040\000T\000r\000a\000i\000n\000\040\000\050\000S\000T\000\051}{section.6.2}% 61
\BOOKMARK [1][-]{section.6.3}{\376\377\000V\000e\000r\000i\000f\000i\000c\000a\000t\000i\000o\000n\000\040\000'\000c\000l\000a\000s\000s\000i\000c\000'\000\040\000s\000i\000n\000g\000l\000e\000\040\000a\000n\000i\000m\000a\000t\000i\000o\000n\000\040\000-\000\040\000S\000T\000\040\000t\000y\000p\000e}{chapter.6}% 62
\BOOKMARK [2][-]{subsection.6.3.1}{\376\377\000V\000e\000r\000i\000f\000i\000c\000a\000t\000i\000o\000n\000\040\000s\000i\000n\000g\000l\000e\000\040\000a\000n\000i\000m\000a\000t\000i\000o\000n\000\040\000c\000l\000a\000s\000s\000i\000c\000\040\000-\000\040\000s\000i\000n\000g\000l\000e\000\040\000t\000r\000a\000i\000n\000\050\000S\000T\000\051}{section.6.3}% 63
\BOOKMARK [2][-]{subsection.6.3.2}{\376\377\000V\000e\000r\000i\000f\000i\000c\000a\000t\000i\000o\000n\000\040\000'\000c\000l\000a\000s\000s\000i\000c\000'\000\040\000s\000i\000n\000g\000l\000e\000\040\000a\000n\000i\000m\000a\000t\000i\000o\000n\000\040\000w\000i\000t\000h\000\040\000i\000n\000t\000r\000u\000d\000e\000r\000s\000\040\000-\000\040\000S\000i\000n\000g\000l\000e\000\040\000T\000r\000a\000i\000n\000\050\000S\000T\000\051}{section.6.3}% 64
\BOOKMARK [2][-]{subsection.6.3.3}{\376\377\000V\000e\000r\000i\000f\000i\000c\000a\000t\000i\000o\000n\000\040\000'\000c\000l\000a\000s\000s\000i\000c\000'\000\040\000S\000i\000n\000g\000l\000e\000\040\000A\000n\000i\000m\000a\000t\000i\000o\000n\000\040\000w\000i\000t\000h\000\040\000R\000e\000d\000u\000c\000e\000d\000\040\000S\000e\000s\000s\000i\000o\000n\000\040\000D\000u\000r\000a\000t\000i\000o\000n\000\040\000-\000\040\000S\000i\000n\000g\000l\000e\000\040\000T\000r\000a\000i\000n\000\040\000\050\000S\000T\000\051}{section.6.3}% 65
\BOOKMARK [1][-]{section.6.4}{\376\377\000V\000e\000r\000i\000f\000i\000c\000a\000t\000i\000o\000n\000\040\000s\000i\000n\000g\000l\000e\000\040\000a\000n\000i\000m\000a\000t\000i\000o\000n\000\040\000-\000\040\000F\000T}{chapter.6}% 66
\BOOKMARK [2][-]{subsection.6.4.1}{\376\377\000V\000e\000r\000i\000f\000i\000c\000a\000t\000i\000o\000n\000\040\000s\000i\000n\000g\000l\000e\000\040\000a\000n\000i\000m\000a\000t\000i\000o\000n\000\040\000-\000\040\000F\000u\000l\000l\000\040\000T\000r\000a\000i\000n\000\050\000F\000T\000\051}{section.6.4}% 67
\BOOKMARK [2][-]{subsection.6.4.2}{\376\377\000V\000e\000r\000i\000f\000i\000c\000a\000t\000i\000o\000n\000\040\000s\000i\000n\000g\000l\000e\000\040\000a\000n\000i\000m\000a\000t\000i\000o\000n\000\040\000w\000i\000t\000h\000\040\000i\000n\000t\000r\000u\000d\000e\000r\000s\000\040\000-\000\040\000F\000u\000l\000l\000\040\000T\000r\000a\000i\000n\000\050\000F\000T\000\051}{section.6.4}% 68
\BOOKMARK [2][-]{subsection.6.4.3}{\376\377\000V\000e\000r\000i\000f\000i\000c\000a\000t\000i\000o\000n\000\040\000S\000i\000n\000g\000l\000e\000\040\000A\000n\000i\000m\000a\000t\000i\000o\000n\000\040\000w\000i\000t\000h\000\040\000R\000e\000d\000u\000c\000e\000d\000\040\000S\000e\000s\000s\000i\000o\000n\000\040\000D\000u\000r\000a\000t\000i\000o\000n\000\040\000-\000\040\000F\000u\000l\000l\000\040\000T\000r\000a\000i\000n\000\040\000\050\000F\000T\000\051}{section.6.4}% 69
\BOOKMARK [1][-]{section.6.5}{\376\377\000V\000e\000r\000i\000f\000i\000c\000a\000t\000i\000o\000n\000\040\040\031\000c\000l\000a\000s\000s\000i\000c\040\031\000\040\000s\000i\000n\000g\000l\000e\000\040\000a\000n\000i\000m\000a\000t\000i\000o\000n\000\040\000-\000\040\000F\000T\000\040\000t\000y\000p\000e}{chapter.6}% 70
\BOOKMARK [2][-]{subsection.6.5.1}{\376\377\000V\000e\000r\000i\000f\000i\000c\000a\000t\000i\000o\000n\000\040\000s\000i\000n\000g\000l\000e\000\040\000a\000n\000i\000m\000a\000t\000i\000o\000n\000\040\000c\000l\000a\000s\000s\000i\000c\000\040\000-\000\040\000F\000u\000l\000l\000\040\000T\000r\000a\000i\000n\000\050\000F\000T\000\051}{section.6.5}% 71
\BOOKMARK [2][-]{subsection.6.5.2}{\376\377\000V\000e\000r\000i\000f\000i\000c\000a\000t\000i\000o\000n\000\040\000'\000c\000l\000a\000s\000s\000i\000c\000'\000\040\000s\000i\000n\000g\000l\000e\000\040\000a\000n\000i\000m\000a\000t\000i\000o\000n\000\040\000w\000i\000t\000h\000\040\000i\000n\000t\000r\000u\000d\000e\000r\000s\000\040\000-\000\040\000F\000u\000l\000l\000\040\000T\000r\000a\000i\000n\000\040\000\050\000F\000T\000\051}{section.6.5}% 72
\BOOKMARK [2][-]{subsection.6.5.3}{\376\377\000V\000e\000r\000i\000f\000i\000c\000a\000t\000i\000o\000n\000\040\000'\000c\000l\000a\000s\000s\000i\000c\000'\000\040\000S\000i\000n\000g\000l\000e\000\040\000A\000n\000i\000m\000a\000t\000i\000o\000n\000\040\000w\000i\000t\000h\000\040\000R\000e\000d\000u\000c\000e\000d\000\040\000S\000e\000s\000s\000i\000o\000n\000\040\000D\000u\000r\000a\000t\000i\000o\000n\000\040\000-\000\040\000F\000u\000l\000l\000\040\000T\000r\000a\000i\000n\000\040\000\050\000F\000T\000\051}{section.6.5}% 73
\BOOKMARK [1][-]{section.6.6}{\376\377\000S\000t\000a\000t\000i\000c\000\040\000v\000s\000\040\000D\000i\000n\000a\000m\000i\000c\000\040\000t\000e\000x\000t}{chapter.6}% 74
\BOOKMARK [0][-]{chapter.7}{\376\377\000C\000o\000n\000c\000l\000u\000s\000i\000o\000n}{}% 75
\BOOKMARK [0][-]{chapter*.64}{\376\377\000R\000e\000f\000e\000r\000e\000n\000c\000e\000s}{}% 76
\BOOKMARK [0][-]{appendix.A}{\376\377\000P\000a\000r\000a\000m\000e\000t\000e\000r\000\040\000G\000r\000i\000d\000s\000\040\000a\000n\000d\000\040\000F\000e\000a\000t\000u\000r\000e\000\040\000S\000e\000l\000e\000c\000t\000i\000o\000n}{}% 77
\BOOKMARK [1][-]{section.A.1}{\376\377\000P\000a\000r\000a\000m\000e\000t\000e\000r\000\040\000g\000r\000i\000d}{appendix.A}% 78
\BOOKMARK [1][-]{section.A.2}{\376\377\000I\000d\000e\000n\000t\000i\000f\000i\000c\000a\000t\000i\000o\000n\000\040\000w\000i\000t\000h\000\040\000F\000e\000a\000t\000u\000r\000e\000\040\000S\000e\000l\000e\000c\000t\000i\000o\000n\000\040\040\024\000\040\000B\000e\000s\000t\000\040\000k\000\040\000F\000e\000a\000t\000u\000r\000e\000s}{appendix.A}% 79
\BOOKMARK [1][-]{section.A.3}{\376\377\000I\000d\000e\000n\000t\000i\000f\000i\000c\000a\000t\000i\000o\000n\000\040\000S\000i\000n\000g\000l\000e\000\040\000S\000T\000\040\040\024\000\040\000B\000e\000s\000t\000\040\000k\000\040\000F\000e\000a\000t\000u\000r\000e\000s}{appendix.A}% 80
\BOOKMARK [1][-]{section.A.4}{\376\377\000I\000d\000e\000n\000t\000i\000f\000i\000c\000a\000t\000i\000o\000n\000\040\000S\000i\000n\000g\000l\000e\000\040\000F\000T\000\040\040\024\000\040\000B\000e\000s\000t\000\040\000k\000\040\000F\000e\000a\000t\000u\000r\000e\000s}{appendix.A}% 81
\BOOKMARK [0][-]{appendix.B}{\376\377\000F\000u\000l\000l\000\040\000r\000e\000s\000u\000l\000t\000s}{}% 82
\BOOKMARK [1][-]{section.B.1}{\376\377\000V\000e\000r\000i\000f\000i\000c\000a\000t\000i\000o\000n\000\040\000S\000i\000n\000g\000l\000e\000\040\000S\000T\000\040\040\023\000\040\000A\000n\000i\000m\000a\000t\000i\000o\000n\000s}{appendix.B}% 83
\BOOKMARK [1][-]{section.B.2}{\376\377\000V\000e\000r\000i\000f\000i\000c\000a\000t\000i\000o\000n\000\040\000S\000i\000n\000g\000l\000e\000\040\000I\000n\000t\000r\000u\000d\000e\000r\000s\000\040\000S\000T\000\040\040\023\000\040\000A\000n\000i\000m\000a\000t\000i\000o\000n\000s}{appendix.B}% 84
\BOOKMARK [1][-]{section.B.3}{\376\377\000V\000e\000r\000i\000f\000i\000c\000a\000t\000i\000o\000n\000\040\000S\000i\000n\000g\000l\000e\000\040\000S\000T\000\040\000w\000i\000t\000h\000\040\000R\000e\000d\000u\000c\000e\000d\000\040\000S\000e\000s\000s\000i\000o\000n\000\040\000D\000u\000r\000a\000t\000i\000o\000n\000\040\040\023\000\040\000A\000n\000i\000m\000a\000t\000i\000o\000n\000s}{appendix.B}% 85
\BOOKMARK [1][-]{section.B.4}{\376\377\000V\000e\000r\000i\000f\000i\000c\000a\000t\000i\000o\000n\000\040\040\030\000C\000l\000a\000s\000s\000i\000c\040\031\000\040\000S\000i\000n\000g\000l\000e\000\040\000S\000T\000\040\040\023\000\040\000A\000n\000i\000m\000a\000t\000i\000o\000n\000s}{appendix.B}% 86
\BOOKMARK [1][-]{section.B.5}{\376\377\000V\000e\000r\000i\000f\000i\000c\000a\000t\000i\000o\000n\000\040\040\030\000C\000l\000a\000s\000s\000i\000c\040\031\000\040\000S\000T\000\040\000w\000i\000t\000h\000\040\000I\000n\000t\000r\000u\000d\000e\000r\000s\000\040\040\023\000\040\000A\000n\000i\000m\000a\000t\000i\000o\000n\000s}{appendix.B}% 87
\BOOKMARK [1][-]{section.B.6}{\376\377\000V\000e\000r\000i\000f\000i\000c\000a\000t\000i\000o\000n\000\040\040\030\000C\000l\000a\000s\000s\000i\000c\040\031\000\040\000S\000i\000n\000g\000l\000e\000\040\000S\000T\000\040\000w\000i\000t\000h\000\040\000R\000e\000d\000u\000c\000e\000d\000\040\000S\000e\000s\000s\000i\000o\000n\000\040\000D\000u\000r\000a\000t\000i\000o\000n\000\040\040\023\000\040\000A\000n\000i\000m\000a\000t\000i\000o\000n\000s}{appendix.B}% 88
\BOOKMARK [1][-]{section.B.7}{\376\377\000V\000e\000r\000i\000f\000i\000c\000a\000t\000i\000o\000n\000\040\000S\000i\000n\000g\000l\000e\000\040\000F\000T\000\040\040\023\000\040\000A\000n\000i\000m\000a\000t\000i\000o\000n\000s}{appendix.B}% 89
\BOOKMARK [1][-]{section.B.8}{\376\377\000V\000e\000r\000i\000f\000i\000c\000a\000t\000i\000o\000n\000\040\000S\000i\000n\000g\000l\000e\000\040\000i\000n\000t\000r\000u\000s\000e\000r\000s\000\040\000F\000T\000\040\040\023\000\040\000A\000n\000i\000m\000a\000t\000i\000o\000n\000s}{appendix.B}% 90
\BOOKMARK [1][-]{section.B.9}{\376\377\000V\000e\000r\000i\000f\000i\000c\000a\000t\000i\000o\000n\000\040\000S\000i\000n\000g\000l\000e\000\040\000F\000T\000\040\000w\000i\000t\000h\000\040\000R\000e\000d\000u\000c\000e\000d\000\040\000S\000e\000s\000s\000i\000o\000n\000\040\000D\000u\000r\000a\000t\000i\000o\000n\000\040\040\023\000\040\000A\000n\000i\000m\000a\000t\000i\000o\000n\000s}{appendix.B}% 91
\BOOKMARK [1][-]{section.B.10}{\376\377\000V\000e\000r\000i\000f\000i\000c\000a\000t\000i\000o\000n\000\040\040\030\000C\000l\000a\000s\000s\000i\000c\040\031\000\040\000S\000i\000n\000g\000l\000e\000\040\000F\000T\000\040\040\023\000\040\000A\000n\000i\000m\000a\000t\000i\000o\000n\000s}{appendix.B}% 92
\BOOKMARK [1][-]{section.B.11}{\376\377\000V\000e\000r\000i\000f\000i\000c\000a\000t\000i\000o\000n\000\040\040\030\000C\000l\000a\000s\000s\000i\000c\040\031\000\040\000F\000T\000\040\000w\000i\000t\000h\000\040\000I\000n\000t\000r\000u\000d\000e\000r\000s\000\040\040\023\000\040\000A\000n\000i\000m\000a\000t\000i\000o\000n\000s}{appendix.B}% 93
\BOOKMARK [1][-]{section.B.12}{\376\377\000V\000e\000r\000i\000f\000i\000c\000a\000t\000i\000o\000n\000\040\040\030\000C\000l\000a\000s\000s\000i\000c\040\031\000\040\000S\000i\000n\000g\000l\000e\000\040\000S\000T\000\040\000w\000i\000t\000h\000\040\000R\000e\000d\000u\000c\000e\000d\000\040\000S\000e\000s\000s\000i\000o\000n\000\040\000D\000u\000r\000a\000t\000i\000o\000n\000\040\040\023\000\040\000A\000n\000i\000m\000a\000t\000i\000o\000n\000s}{appendix.B}% 94
